<?xml version="1.0" encoding="UTF-8"?>
<robot generator="Robot 3.1.2 (Python 3.6.3 on win32)" generated="20191129 15:46:47.238" rpa="false">
<suite id="s1" name="Location" source="C:\RobotFramework\Projects\Amazon\Tests\Location.robot">
<test id="s1-t1" name="Lets do something">
<kw name="Open Browser" library="SeleniumLibrary">
<doc>Opens a new browser instance to the optional ``url``.</doc>
<arguments>
<arg>http://www.amazon.ca</arg>
<arg>chrome</arg>
</arguments>
<msg timestamp="20191129 15:46:47.420" level="INFO">Opening browser 'chrome' to base url 'http://www.amazon.ca'.</msg>
<status status="PASS" starttime="20191129 15:46:47.420" endtime="20191129 15:46:54.753"></status>
</kw>
<kw name="Wait Until Page Contains" library="SeleniumLibrary">
<doc>Waits until ``text`` appears on the current page.</doc>
<arguments>
<arg>Black Friday</arg>
</arguments>
<status status="PASS" starttime="20191129 15:46:54.754" endtime="20191129 15:46:54.868"></status>
</kw>
<kw name="Input Text" library="SeleniumLibrary">
<doc>Types the given ``text`` into the text field identified by ``locator``.</doc>
<arguments>
<arg>id=twotabsearchtextbox</arg>
<arg>Fujifilm X-pro2</arg>
</arguments>
<msg timestamp="20191129 15:46:54.869" level="INFO">Typing text 'Fujifilm X-pro2' into text field 'id=twotabsearchtextbox'.</msg>
<status status="PASS" starttime="20191129 15:46:54.868" endtime="20191129 15:46:55.232"></status>
</kw>
<kw name="Click Button" library="SeleniumLibrary">
<doc>Clicks the button identified by ``locator``.</doc>
<arguments>
<arg>css=#nav-search &gt; form &gt; div.nav-right &gt; div &gt; input</arg>
</arguments>
<msg timestamp="20191129 15:46:55.233" level="INFO">Clicking button 'css=#nav-search &gt; form &gt; div.nav-right &gt; div &gt; input'.</msg>
<status status="PASS" starttime="20191129 15:46:55.233" endtime="20191129 15:46:57.153"></status>
</kw>
<kw name="Wait Until Page Contains" library="SeleniumLibrary">
<doc>Waits until ``text`` appears on the current page.</doc>
<arguments>
<arg>results for "Fujifilm X-pro2"</arg>
</arguments>
<status status="PASS" starttime="20191129 15:46:57.153" endtime="20191129 15:46:57.203"></status>
</kw>
<kw name="Click Link" library="SeleniumLibrary">
<doc>Clicks a link identified by ``locator``.</doc>
<arguments>
<arg>partial link=Fujifilm X-Pro 2G/XF2</arg>
</arguments>
<msg timestamp="20191129 15:46:57.204" level="INFO">Clicking link 'partial link=Fujifilm X-Pro 2G/XF2'.</msg>
<status status="PASS" starttime="20191129 15:46:57.204" endtime="20191129 15:47:00.319"></status>
</kw>
<kw name="Wait Until Page Contains" library="SeleniumLibrary">
<doc>Waits until ``text`` appears on the current page.</doc>
<arguments>
<arg>Fujifilm X-Pro 2G/XF23 Mirrorless Digital Camera</arg>
</arguments>
<status status="PASS" starttime="20191129 15:47:00.320" endtime="20191129 15:47:00.365"></status>
</kw>
<kw name="Click Button" library="SeleniumLibrary">
<doc>Clicks the button identified by ``locator``.</doc>
<arguments>
<arg>name=submit.add-to-cart</arg>
</arguments>
<msg timestamp="20191129 15:47:00.366" level="INFO">Clicking button 'name=submit.add-to-cart'.</msg>
<status status="PASS" starttime="20191129 15:47:00.365" endtime="20191129 15:47:00.536"></status>
</kw>
<kw name="Wait Until Page Contains" library="SeleniumLibrary">
<doc>Waits until ``text`` appears on the current page.</doc>
<arguments>
<arg>Added to Cart</arg>
</arguments>
<status status="PASS" starttime="20191129 15:47:00.537" endtime="20191129 15:47:00.571"></status>
</kw>
<kw name="Click Button" library="SeleniumLibrary">
<doc>Clicks the button identified by ``locator``.</doc>
<arguments>
<arg>css=#attach-sidesheet-checkout-button &gt; span &gt; input</arg>
</arguments>
<msg timestamp="20191129 15:47:00.572" level="INFO">Clicking button 'css=#attach-sidesheet-checkout-button &gt; span &gt; input'.</msg>
<kw name="Capture Page Screenshot" library="SeleniumLibrary">
<doc>Takes a screenshot of the current page and embeds it into a log file.</doc>
<msg timestamp="20191129 15:47:01.151" level="INFO" html="yes">&lt;/td&gt;&lt;/tr&gt;&lt;tr&gt;&lt;td colspan="3"&gt;&lt;a href="selenium-screenshot-8.png"&gt;&lt;img src="selenium-screenshot-8.png" width="800px"&gt;&lt;/a&gt;</msg>
<status status="PASS" starttime="20191129 15:47:00.596" endtime="20191129 15:47:01.152"></status>
</kw>
<msg timestamp="20191129 15:47:01.156" level="FAIL">Button with locator 'css=#attach-sidesheet-checkout-button &gt; span &gt; input' not found.</msg>
<status status="FAIL" starttime="20191129 15:47:00.572" endtime="20191129 15:47:01.156"></status>
</kw>
<doc>This is some basic info about the test</doc>
<tags>
<tag>Guns</tag>
</tags>
<status status="FAIL" starttime="20191129 15:46:47.419" endtime="20191129 15:47:01.158" critical="yes">Button with locator 'css=#attach-sidesheet-checkout-button &gt; span &gt; input' not found.</status>
</test>
<doc>This is some basic info about the whole suite</doc>
<status status="FAIL" starttime="20191129 15:46:47.239" endtime="20191129 15:47:01.161"></status>
</suite>
<statistics>
<total>
<stat pass="0" fail="1">Critical Tests</stat>
<stat pass="0" fail="1">All Tests</stat>
</total>
<tag>
<stat pass="0" fail="1">Guns</stat>
</tag>
<suite>
<stat pass="0" fail="1" id="s1" name="Location">Location</stat>
</suite>
</statistics>
<errors>
</errors>
</robot>
