<?xml version="1.0" encoding="UTF-8"?>
<robot generator="Robot 3.1.2 (Python 3.6.3 on win32)" generated="20191206 14:19:02.942" rpa="false">
<suite id="s1" name="Location" source="C:\Users\deo\PycharmProjects\RobotFramework\Tests\Location.robot">
<test id="s1-t1" name="Lets do something else">
<kw name="Log" library="BuiltIn">
<doc>Logs the given message with the given level.</doc>
<arguments>
<arg>Logging some text here</arg>
</arguments>
<msg timestamp="20191206 14:19:03.321" level="INFO">Logging some text here</msg>
<status status="PASS" starttime="20191206 14:19:03.321" endtime="20191206 14:19:03.321"></status>
</kw>
<kw name="Open Browser" library="SeleniumLibrary">
<doc>Opens a new browser instance to the optional ``url``.</doc>
<arguments>
<arg>http://www.google.ca</arg>
<arg>chrome</arg>
</arguments>
<msg timestamp="20191206 14:19:03.322" level="INFO">Opening browser 'chrome' to base url 'http://www.google.ca'.</msg>
<status status="PASS" starttime="20191206 14:19:03.322" endtime="20191206 14:19:11.098"></status>
</kw>
<doc>This is some basic info about the second test</doc>
<tags>
<tag>Pistols</tag>
</tags>
<status status="PASS" starttime="20191206 14:19:03.319" endtime="20191206 14:19:11.112" critical="yes"></status>
</test>
<doc>This is some basic info about the whole suite</doc>
<status status="PASS" starttime="20191206 14:19:02.945" endtime="20191206 14:19:11.135"></status>
</suite>
<statistics>
<total>
<stat pass="1" fail="0">Critical Tests</stat>
<stat pass="1" fail="0">All Tests</stat>
</total>
<tag>
<stat pass="1" fail="0">Pistols</stat>
</tag>
<suite>
<stat pass="1" fail="0" id="s1" name="Location">Location</stat>
</suite>
</statistics>
<errors>
</errors>
</robot>
