<?xml version="1.0" encoding="UTF-8"?>
<robot generator="Robot 3.1.2 (Python 3.6.3 on win32)" generated="20191129 15:56:15.180" rpa="false">
<suite id="s1" name="Location" source="C:\RobotFramework\Projects\Amazon\Tests\Location.robot">
<test id="s1-t1" name="Lets do something">
<kw name="Open Browser" library="SeleniumLibrary">
<doc>Opens a new browser instance to the optional ``url``.</doc>
<arguments>
<arg>http://www.amazon.ca</arg>
<arg>chrome</arg>
</arguments>
<msg timestamp="20191129 15:56:15.345" level="INFO">Opening browser 'chrome' to base url 'http://www.amazon.ca'.</msg>
<status status="PASS" starttime="20191129 15:56:15.344" endtime="20191129 15:56:22.860"></status>
</kw>
<kw name="Wait Until Page Contains" library="SeleniumLibrary">
<doc>Waits until ``text`` appears on the current page.</doc>
<arguments>
<arg>Black Friday</arg>
</arguments>
<status status="PASS" starttime="20191129 15:56:22.861" endtime="20191129 15:56:23.021"></status>
</kw>
<kw name="Input Text" library="SeleniumLibrary">
<doc>Types the given ``text`` into the text field identified by ``locator``.</doc>
<arguments>
<arg>id=twotabsearchtextbox</arg>
<arg>Fujifilm X-pro2</arg>
</arguments>
<msg timestamp="20191129 15:56:23.022" level="INFO">Typing text 'Fujifilm X-pro2' into text field 'id=twotabsearchtextbox'.</msg>
<status status="PASS" starttime="20191129 15:56:23.022" endtime="20191129 15:56:23.242"></status>
</kw>
<kw name="Click Button" library="SeleniumLibrary">
<doc>Clicks the button identified by ``locator``.</doc>
<arguments>
<arg>css=#nav-search &gt; form &gt; div.nav-right &gt; div &gt; input</arg>
</arguments>
<msg timestamp="20191129 15:56:23.242" level="INFO">Clicking button 'css=#nav-search &gt; form &gt; div.nav-right &gt; div &gt; input'.</msg>
<status status="PASS" starttime="20191129 15:56:23.242" endtime="20191129 15:56:25.372"></status>
</kw>
<kw name="Wait Until Page Contains" library="SeleniumLibrary">
<doc>Waits until ``text`` appears on the current page.</doc>
<arguments>
<arg>results for "Fujifilm X-pro2"</arg>
</arguments>
<status status="PASS" starttime="20191129 15:56:25.373" endtime="20191129 15:56:25.431"></status>
</kw>
<kw name="Click Link" library="SeleniumLibrary">
<doc>Clicks a link identified by ``locator``.</doc>
<arguments>
<arg>partial link=Fujifilm X-Pro 2G/XF2</arg>
</arguments>
<msg timestamp="20191129 15:56:25.432" level="INFO">Clicking link 'partial link=Fujifilm X-Pro 2G/XF2'.</msg>
<status status="PASS" starttime="20191129 15:56:25.432" endtime="20191129 15:56:28.850"></status>
</kw>
<kw name="Wait Until Page Contains" library="SeleniumLibrary">
<doc>Waits until ``text`` appears on the current page.</doc>
<arguments>
<arg>Fujifilm X-Pro 2G/XF23 Mirrorless Digital Camera</arg>
</arguments>
<status status="PASS" starttime="20191129 15:56:28.850" endtime="20191129 15:56:28.888"></status>
</kw>
<kw name="Click Button" library="SeleniumLibrary">
<doc>Clicks the button identified by ``locator``.</doc>
<arguments>
<arg>name=submit.add-to-cart</arg>
</arguments>
<msg timestamp="20191129 15:56:28.889" level="INFO">Clicking button 'name=submit.add-to-cart'.</msg>
<status status="PASS" starttime="20191129 15:56:28.889" endtime="20191129 15:56:29.041"></status>
</kw>
<kw name="Wait Until Page Contains" library="SeleniumLibrary">
<doc>Waits until ``text`` appears on the current page.</doc>
<arguments>
<arg>Cart subtotal</arg>
</arguments>
<status status="PASS" starttime="20191129 15:56:29.042" endtime="20191129 15:56:30.485"></status>
</kw>
<kw name="Click Button" library="SeleniumLibrary">
<doc>Clicks the button identified by ``locator``.</doc>
<arguments>
<arg>css=#attach-sidesheet-checkout-button &gt; span &gt; input</arg>
</arguments>
<msg timestamp="20191129 15:56:30.486" level="INFO">Clicking button 'css=#attach-sidesheet-checkout-button &gt; span &gt; input'.</msg>
<status status="PASS" starttime="20191129 15:56:30.486" endtime="20191129 15:56:31.310"></status>
</kw>
<kw name="Sleep" library="BuiltIn">
<doc>Pauses the test executed for the given time.</doc>
<arguments>
<arg>3s</arg>
</arguments>
<msg timestamp="20191129 15:56:34.311" level="INFO">Slept 3 seconds</msg>
<status status="PASS" starttime="20191129 15:56:31.311" endtime="20191129 15:56:34.311"></status>
</kw>
<kw name="Close Browser" library="SeleniumLibrary">
<doc>Closes the current browser.</doc>
<status status="PASS" starttime="20191129 15:56:34.312" endtime="20191129 15:56:36.521"></status>
</kw>
<doc>This is some basic info about the test</doc>
<tags>
<tag>Guns</tag>
</tags>
<status status="PASS" starttime="20191129 15:56:15.343" endtime="20191129 15:56:36.522" critical="yes"></status>
</test>
<doc>This is some basic info about the whole suite</doc>
<status status="PASS" starttime="20191129 15:56:15.181" endtime="20191129 15:56:36.527"></status>
</suite>
<statistics>
<total>
<stat pass="1" fail="0">Critical Tests</stat>
<stat pass="1" fail="0">All Tests</stat>
</total>
<tag>
<stat pass="1" fail="0">Guns</stat>
</tag>
<suite>
<stat pass="1" fail="0" id="s1" name="Location">Location</stat>
</suite>
</statistics>
<errors>
</errors>
</robot>
