<?xml version="1.0" encoding="UTF-8"?>
<robot generator="Robot 3.1.2 (Python 3.6.3 on win32)" generated="20191220 17:18:58.937" rpa="false">
<suite id="s1" name="Location" source="C:\Users\deo\PycharmProjects\RobotFramework\Tests\Location.robot">
<kw name="Insert testing data" library="Common" type="setup">
<kw name="Log" library="BuiltIn">
<doc>Logs the given message with the given level.</doc>
<arguments>
<arg>Insert testing data</arg>
</arguments>
<msg timestamp="20191220 17:18:59.374" level="INFO">Insert testing data</msg>
<status status="PASS" starttime="20191220 17:18:59.373" endtime="20191220 17:18:59.374"></status>
</kw>
<status status="PASS" starttime="20191220 17:18:59.372" endtime="20191220 17:18:59.374"></status>
</kw>
<test id="s1-t1" name="Lets do something">
<kw name="Begin web test" library="Common" type="setup">
<kw name="Open Browser" library="SeleniumLibrary">
<doc>Opens a new browser instance to the optional ``url``.</doc>
<arguments>
<arg>about:blank</arg>
<arg>${BROWSER}</arg>
</arguments>
<msg timestamp="20191220 17:18:59.377" level="INFO">Opening browser 'chrome' to base url 'about:blank'.</msg>
<status status="PASS" starttime="20191220 17:18:59.376" endtime="20191220 17:19:04.954"></status>
</kw>
<status status="PASS" starttime="20191220 17:18:59.376" endtime="20191220 17:19:04.954"></status>
</kw>
<kw name="Search for" library="Amazon">
<kw name="Load page" library="LandingPage">
<kw name="Go To" library="SeleniumLibrary">
<doc>Navigates the current browser window to the provided ``url``.</doc>
<arguments>
<arg>${START_URL}</arg>
</arguments>
<msg timestamp="20191220 17:19:04.961" level="INFO">Opening url 'http://www.amazon.ca'</msg>
<status status="PASS" starttime="20191220 17:19:04.960" endtime="20191220 17:19:12.606"></status>
</kw>
<status status="PASS" starttime="20191220 17:19:04.957" endtime="20191220 17:19:12.606"></status>
</kw>
<kw name="Verify page loaded" library="LandingPage">
<kw name="Wait Until Page Contains" library="SeleniumLibrary">
<doc>Waits until ``text`` appears on the current page.</doc>
<arguments>
<arg>Your Account</arg>
</arguments>
<status status="PASS" starttime="20191220 17:19:12.607" endtime="20191220 17:19:13.658"></status>
</kw>
<status status="PASS" starttime="20191220 17:19:12.607" endtime="20191220 17:19:13.658"></status>
</kw>
<kw name="Input Text" library="SeleniumLibrary">
<doc>Types the given ``text`` into the text field identified by ``locator``.</doc>
<arguments>
<arg>id=twotabsearchtextbox</arg>
<arg>${SEARCHFOR}</arg>
</arguments>
<msg timestamp="20191220 17:19:13.659" level="INFO">Typing text 'ferrary' into text field 'id=twotabsearchtextbox'.</msg>
<status status="PASS" starttime="20191220 17:19:13.658" endtime="20191220 17:19:15.544"></status>
</kw>
<kw name="Click Button" library="SeleniumLibrary">
<doc>Clicks the button identified by ``locator``.</doc>
<arguments>
<arg>css=#nav-search &gt; form &gt; div.nav-right &gt; div &gt; input</arg>
</arguments>
<msg timestamp="20191220 17:19:15.545" level="INFO">Clicking button 'css=#nav-search &gt; form &gt; div.nav-right &gt; div &gt; input'.</msg>
<status status="PASS" starttime="20191220 17:19:15.545" endtime="20191220 17:19:22.460"></status>
</kw>
<kw name="Wait Until Page Contains" library="SeleniumLibrary">
<doc>Waits until ``text`` appears on the current page.</doc>
<arguments>
<arg>results for "${SEARCHFOR}"</arg>
</arguments>
<kw name="Capture Page Screenshot" library="SeleniumLibrary">
<doc>Takes a screenshot of the current page and embeds it into a log file.</doc>
<msg timestamp="20191220 17:19:28.088" level="INFO" html="yes">&lt;/td&gt;&lt;/tr&gt;&lt;tr&gt;&lt;td colspan="3"&gt;&lt;a href="selenium-screenshot-5.png"&gt;&lt;img src="selenium-screenshot-5.png" width="800px"&gt;&lt;/a&gt;</msg>
<status status="PASS" starttime="20191220 17:19:27.580" endtime="20191220 17:19:28.088"></status>
</kw>
<msg timestamp="20191220 17:19:28.093" level="FAIL">Text 'results for "ferrary"' did not appear in 5 seconds.</msg>
<status status="FAIL" starttime="20191220 17:19:22.460" endtime="20191220 17:19:28.093"></status>
</kw>
<status status="FAIL" starttime="20191220 17:19:04.956" endtime="20191220 17:19:28.094"></status>
</kw>
<kw name="End web test" library="Common" type="teardown">
<kw name="Sleep" library="BuiltIn">
<doc>Pauses the test executed for the given time.</doc>
<arguments>
<arg>1s</arg>
</arguments>
<msg timestamp="20191220 17:19:29.098" level="INFO">Slept 1 second</msg>
<status status="PASS" starttime="20191220 17:19:28.096" endtime="20191220 17:19:29.098"></status>
</kw>
<kw name="Close Browser" library="SeleniumLibrary">
<doc>Closes the current browser.</doc>
<status status="PASS" starttime="20191220 17:19:29.098" endtime="20191220 17:19:31.448"></status>
</kw>
<status status="PASS" starttime="20191220 17:19:28.096" endtime="20191220 17:19:31.449"></status>
</kw>
<doc>This is some basic info about the test</doc>
<tags>
<tag>Guns</tag>
</tags>
<status status="FAIL" starttime="20191220 17:18:59.374" endtime="20191220 17:19:31.449" critical="yes">Text 'results for "ferrary"' did not appear in 5 seconds.</status>
</test>
<test id="s1-t2" name="Do next thing">
<kw name="Begin web test" library="Common" type="setup">
<kw name="Open Browser" library="SeleniumLibrary">
<doc>Opens a new browser instance to the optional ``url``.</doc>
<arguments>
<arg>about:blank</arg>
<arg>${BROWSER}</arg>
</arguments>
<msg timestamp="20191220 17:19:31.455" level="INFO">Opening browser 'chrome' to base url 'about:blank'.</msg>
<status status="PASS" starttime="20191220 17:19:31.455" endtime="20191220 17:19:36.956"></status>
</kw>
<status status="PASS" starttime="20191220 17:19:31.454" endtime="20191220 17:19:36.957"></status>
</kw>
<kw name="Search for" library="Amazon">
<kw name="Load page" library="LandingPage">
<kw name="Go To" library="SeleniumLibrary">
<doc>Navigates the current browser window to the provided ``url``.</doc>
<arguments>
<arg>${START_URL}</arg>
</arguments>
<msg timestamp="20191220 17:19:36.959" level="INFO">Opening url 'http://www.amazon.ca'</msg>
<status status="PASS" starttime="20191220 17:19:36.959" endtime="20191220 17:19:40.960"></status>
</kw>
<status status="PASS" starttime="20191220 17:19:36.958" endtime="20191220 17:19:40.960"></status>
</kw>
<kw name="Verify page loaded" library="LandingPage">
<kw name="Wait Until Page Contains" library="SeleniumLibrary">
<doc>Waits until ``text`` appears on the current page.</doc>
<arguments>
<arg>Your Account</arg>
</arguments>
<status status="PASS" starttime="20191220 17:19:40.961" endtime="20191220 17:19:43.898"></status>
</kw>
<status status="PASS" starttime="20191220 17:19:40.961" endtime="20191220 17:19:43.898"></status>
</kw>
<kw name="Input Text" library="SeleniumLibrary">
<doc>Types the given ``text`` into the text field identified by ``locator``.</doc>
<arguments>
<arg>id=twotabsearchtextbox</arg>
<arg>${SEARCHFOR}</arg>
</arguments>
<msg timestamp="20191220 17:19:43.899" level="INFO">Typing text 'ferrary' into text field 'id=twotabsearchtextbox'.</msg>
<status status="PASS" starttime="20191220 17:19:43.898" endtime="20191220 17:19:46.519"></status>
</kw>
<kw name="Click Button" library="SeleniumLibrary">
<doc>Clicks the button identified by ``locator``.</doc>
<arguments>
<arg>css=#nav-search &gt; form &gt; div.nav-right &gt; div &gt; input</arg>
</arguments>
<msg timestamp="20191220 17:19:46.519" level="INFO">Clicking button 'css=#nav-search &gt; form &gt; div.nav-right &gt; div &gt; input'.</msg>
<status status="PASS" starttime="20191220 17:19:46.519" endtime="20191220 17:19:54.426"></status>
</kw>
<kw name="Wait Until Page Contains" library="SeleniumLibrary">
<doc>Waits until ``text`` appears on the current page.</doc>
<arguments>
<arg>results for "${SEARCHFOR}"</arg>
</arguments>
<kw name="Capture Page Screenshot" library="SeleniumLibrary">
<doc>Takes a screenshot of the current page and embeds it into a log file.</doc>
<msg timestamp="20191220 17:20:00.128" level="INFO" html="yes">&lt;/td&gt;&lt;/tr&gt;&lt;tr&gt;&lt;td colspan="3"&gt;&lt;a href="selenium-screenshot-6.png"&gt;&lt;img src="selenium-screenshot-6.png" width="800px"&gt;&lt;/a&gt;</msg>
<status status="PASS" starttime="20191220 17:19:59.448" endtime="20191220 17:20:00.129"></status>
</kw>
<msg timestamp="20191220 17:20:00.131" level="FAIL">Text 'results for "ferrary"' did not appear in 5 seconds.</msg>
<status status="FAIL" starttime="20191220 17:19:54.426" endtime="20191220 17:20:00.131"></status>
</kw>
<status status="FAIL" starttime="20191220 17:19:36.957" endtime="20191220 17:20:00.132"></status>
</kw>
<kw name="End web test" library="Common" type="teardown">
<kw name="Sleep" library="BuiltIn">
<doc>Pauses the test executed for the given time.</doc>
<arguments>
<arg>1s</arg>
</arguments>
<msg timestamp="20191220 17:20:01.136" level="INFO">Slept 1 second</msg>
<status status="PASS" starttime="20191220 17:20:00.134" endtime="20191220 17:20:01.136"></status>
</kw>
<kw name="Close Browser" library="SeleniumLibrary">
<doc>Closes the current browser.</doc>
<status status="PASS" starttime="20191220 17:20:01.137" endtime="20191220 17:20:03.676"></status>
</kw>
<status status="PASS" starttime="20191220 17:20:00.133" endtime="20191220 17:20:03.677"></status>
</kw>
<doc>This is some basic info about the test</doc>
<tags>
<tag>Guns</tag>
</tags>
<status status="FAIL" starttime="20191220 17:19:31.453" endtime="20191220 17:20:03.677" critical="yes">Text 'results for "ferrary"' did not appear in 5 seconds.</status>
</test>
<kw name="Cleanup testing data" library="Common" type="teardown">
<kw name="Log" library="BuiltIn">
<doc>Logs the given message with the given level.</doc>
<arguments>
<arg>Cleanup testing data</arg>
</arguments>
<msg timestamp="20191220 17:20:03.684" level="INFO">Cleanup testing data</msg>
<status status="PASS" starttime="20191220 17:20:03.683" endtime="20191220 17:20:03.684"></status>
</kw>
<status status="PASS" starttime="20191220 17:20:03.683" endtime="20191220 17:20:03.684"></status>
</kw>
<doc>This is some basic info about the whole suite</doc>
<status status="FAIL" starttime="20191220 17:18:58.940" endtime="20191220 17:20:03.684"></status>
</suite>
<statistics>
<total>
<stat pass="0" fail="2">Critical Tests</stat>
<stat pass="0" fail="2">All Tests</stat>
</total>
<tag>
<stat pass="0" fail="2">Guns</stat>
</tag>
<suite>
<stat pass="0" fail="2" id="s1" name="Location">Location</stat>
</suite>
</statistics>
<errors>
</errors>
</robot>
